[debug] [2020-05-08T04:13:34.112Z] ----------------------------------------------------------------------
[debug] [2020-05-08T04:13:34.114Z] Command:       C:\Program Files\nodejs\node.exe C:\Users\Sky\AppData\Roaming\npm\node_modules\firebase-tools\lib\bin\firebase.js serve
[debug] [2020-05-08T04:13:34.114Z] CLI Version:   8.2.0
[debug] [2020-05-08T04:13:34.115Z] Platform:      win32
[debug] [2020-05-08T04:13:34.115Z] Node Version:  v10.16.3
[debug] [2020-05-08T04:13:34.116Z] Time:          Fri May 08 2020 14:13:34 GMT+1000 (Australian Eastern Standard Time)
[debug] [2020-05-08T04:13:34.116Z] ----------------------------------------------------------------------
[debug] [2020-05-08T04:13:34.116Z] 
[debug] [2020-05-08T04:13:34.127Z] > command requires scopes: ["email","openid","https://www.googleapis.com/auth/cloudplatformprojects.readonly","https://www.googleapis.com/auth/firebase","https://www.googleapis.com/auth/cloud-platform"]
[debug] [2020-05-08T04:13:34.127Z] > authorizing via signed-in user
[debug] [2020-05-08T04:13:34.128Z] [iam] checking project yhelper for permissions ["firebase.projects.get"]
[debug] [2020-05-08T04:13:34.131Z] >>> HTTP REQUEST POST https://cloudresourcemanager.googleapis.com/v1/projects/yhelper:testIamPermissions  
 {"permissions":["firebase.projects.get"]}
[debug] [2020-05-08T04:13:35.670Z] <<< HTTP RESPONSE 200 {"content-type":"application/json; charset=UTF-8","vary":"X-Origin, Referer, Origin,Accept-Encoding","date":"Fri, 08 May 2020 04:13:35 GMT","server":"ESF","cache-control":"private","x-xss-protection":"0","x-frame-options":"SAMEORIGIN","x-content-type-options":"nosniff","server-timing":"gfet4t7; dur=1179","alt-svc":"h3-27=\":443\"; ma=2592000,h3-25=\":443\"; ma=2592000,h3-Q050=\":443\"; ma=2592000,h3-Q049=\":443\"; ma=2592000,h3-Q048=\":443\"; ma=2592000,h3-Q046=\":443\"; ma=2592000,h3-Q043=\":443\"; ma=2592000,quic=\":443\"; ma=2592000; v=\"46,43\"","accept-ranges":"none","transfer-encoding":"chunked"}
[debug] [2020-05-08T04:13:35.671Z] >>> HTTP REQUEST GET https://firebase.googleapis.com/v1beta1/projects/yhelper  
 
[debug] [2020-05-08T04:13:36.347Z] <<< HTTP RESPONSE 200 {"content-type":"application/json; charset=UTF-8","vary":"X-Origin, Referer, Origin,Accept-Encoding","date":"Fri, 08 May 2020 04:13:36 GMT","server":"ESF","cache-control":"private","x-xss-protection":"0","x-frame-options":"SAMEORIGIN","x-content-type-options":"nosniff","alt-svc":"h3-27=\":443\"; ma=2592000,h3-25=\":443\"; ma=2592000,h3-Q050=\":443\"; ma=2592000,h3-Q049=\":443\"; ma=2592000,h3-Q048=\":443\"; ma=2592000,h3-Q046=\":443\"; ma=2592000,h3-Q043=\":443\"; ma=2592000,quic=\":443\"; ma=2592000; v=\"46,43\"","accept-ranges":"none","transfer-encoding":"chunked"}
[info] 
[info] === Serving from 'C:\Users\Sky\Documents\Projects\TabHelperBeta\TabHelperBeta1'...
[info] 
[debug] [2020-05-08T04:13:36.350Z] >>> HTTP REQUEST GET https://firebase.googleapis.com/v1beta1/projects/yhelper/webApps/-/config  
 
[debug] [2020-05-08T04:13:37.348Z] <<< HTTP RESPONSE 200 {"content-type":"application/json; charset=UTF-8","vary":"X-Origin, Referer, Origin,Accept-Encoding","date":"Fri, 08 May 2020 04:13:37 GMT","server":"ESF","cache-control":"private","x-xss-protection":"0","x-frame-options":"SAMEORIGIN","x-content-type-options":"nosniff","alt-svc":"h3-27=\":443\"; ma=2592000,h3-25=\":443\"; ma=2592000,h3-Q050=\":443\"; ma=2592000,h3-Q049=\":443\"; ma=2592000,h3-Q048=\":443\"; ma=2592000,h3-Q046=\":443\"; ma=2592000,h3-Q043=\":443\"; ma=2592000,quic=\":443\"; ma=2592000; v=\"46,43\"","accept-ranges":"none","transfer-encoding":"chunked"}
[info] i  hosting: Serving hosting files from: dist
[info] +  hosting: Local server: http://localhost:5000
